
2024/09/12 (21:04:00) | ===> btop++ v.1.3.2
2024/09/12 (21:04:02) | ERROR: Stall in Runner thread, restarting!

2025/01/21 (21:41:22) | ===> btop++ v.1.4.0
2025/01/21 (21:41:22) | ERROR: Couldn't determine terminal size of "STDOUT_FILENO"!

2025/02/08 (22:04:50) | ===> btop++ v.1.4.0
2025/02/08 (22:04:50) | WARNING: ROCm SMI: Failed to get maximum GPU temperature, defaulting to 110°C
2025/02/08 (22:04:50) | WARNING: ROCm SMI: Failed to get VRAM clock speed: 
2025/02/08 (22:04:50) | WARNING: ROCm SMI: Failed to get PCIe throughput
2025/02/08 (22:04:50) | WARNING: ROCm SMI: Failed to get maximum GPU power draw, defaulting to 225W
2025/02/08 (22:04:50) | WARNING: ROCm SMI: Failed to get maximum GPU temperature, defaulting to 110°C
2025/02/08 (22:04:50) | WARNING: ROCm SMI: Failed to get VRAM utilization
2025/02/08 (22:04:50) | WARNING: ROCm SMI: Failed to get GPU power usage
2025/02/08 (22:04:50) | WARNING: ROCm SMI: Failed to get PCIe throughput

2025/02/17 (19:55:20) | ===> btop++ v.1.4.0
2025/02/17 (19:55:20) | WARNING: ROCm SMI: Failed to get maximum GPU temperature, defaulting to 110°C
2025/02/17 (19:55:20) | WARNING: ROCm SMI: Failed to get VRAM clock speed: 
2025/02/17 (19:55:20) | WARNING: ROCm SMI: Failed to get PCIe throughput

2025/02/20 (17:11:07) | ===> btop++ v.1.4.0
2025/02/20 (17:11:07) | WARNING: ROCm SMI: Failed to get maximum GPU temperature, defaulting to 110°C
2025/02/20 (17:11:07) | WARNING: ROCm SMI: Failed to get VRAM clock speed: 
2025/02/20 (17:11:07) | WARNING: ROCm SMI: Failed to get PCIe throughput

2025/03/01 (17:58:45) | ===> btop++ v.1.4.0
2025/03/01 (17:58:45) | WARNING: ROCm SMI: Failed to get maximum GPU temperature, defaulting to 110°C
2025/03/01 (17:58:45) | WARNING: ROCm SMI: Failed to get PCIe throughput

2025/03/01 (18:01:11) | ===> btop++ v.1.4.0
2025/03/01 (18:01:11) | WARNING: ROCm SMI: Failed to get maximum GPU temperature, defaulting to 110°C
2025/03/01 (18:01:11) | WARNING: ROCm SMI: Failed to get PCIe throughput

2025/03/01 (18:02:32) | ===> btop++ v.1.4.0
2025/03/01 (18:02:32) | WARNING: ROCm SMI: Failed to get maximum GPU temperature, defaulting to 110°C
2025/03/01 (18:02:32) | WARNING: ROCm SMI: Failed to get PCIe throughput

2025/03/01 (18:07:55) | ===> btop++ v.1.4.0
2025/03/01 (18:07:55) | WARNING: ROCm SMI: Failed to get maximum GPU temperature, defaulting to 110°C
2025/03/01 (18:07:55) | WARNING: ROCm SMI: Failed to get PCIe throughput

2025/03/01 (18:20:18) | ===> btop++ v.1.4.0
2025/03/01 (18:20:18) | WARNING: ROCm SMI: Failed to get maximum GPU temperature, defaulting to 110°C
2025/03/01 (18:20:18) | WARNING: ROCm SMI: Failed to get PCIe throughput

2025/03/01 (18:33:43) | ===> btop++ v.1.4.0
2025/03/01 (18:33:43) | WARNING: ROCm SMI: Failed to get maximum GPU temperature, defaulting to 110°C
2025/03/01 (18:33:43) | WARNING: ROCm SMI: Failed to get PCIe throughput

2025/03/01 (19:01:56) | ===> btop++ v.1.4.0
2025/03/01 (19:01:56) | WARNING: ROCm SMI: Failed to get maximum GPU temperature, defaulting to 110°C
2025/03/01 (19:01:56) | WARNING: ROCm SMI: Failed to get PCIe throughput

2025/03/26 (20:36:55) | ===> btop++ v.1.4.0
2025/03/26 (20:36:55) | WARNING: ROCm SMI: Failed to get maximum GPU temperature, defaulting to 110°C
2025/03/26 (20:36:55) | WARNING: ROCm SMI: Failed to get PCIe throughput

2025/03/26 (20:45:33) | ===> btop++ v.1.4.0
2025/03/26 (20:45:33) | WARNING: ROCm SMI: Failed to get maximum GPU temperature, defaulting to 110°C
2025/03/26 (20:45:33) | WARNING: ROCm SMI: Failed to get PCIe throughput

2025/03/27 (13:30:08) | ===> btop++ v.1.4.0
2025/03/27 (13:30:08) | WARNING: ROCm SMI: Failed to get maximum GPU temperature, defaulting to 110°C
2025/03/27 (13:30:08) | WARNING: ROCm SMI: Failed to get PCIe throughput

2025/03/27 (13:45:09) | ===> btop++ v.1.4.0
2025/03/27 (13:45:09) | WARNING: ROCm SMI: Failed to get maximum GPU temperature, defaulting to 110°C
2025/03/27 (13:45:09) | WARNING: ROCm SMI: Failed to get PCIe throughput

2025/03/27 (13:58:30) | ===> btop++ v.1.4.0
2025/03/27 (13:58:30) | WARNING: ROCm SMI: Failed to get maximum GPU temperature, defaulting to 110°C
2025/03/27 (13:58:30) | WARNING: ROCm SMI: Failed to get PCIe throughput

2025/03/27 (15:40:15) | ===> btop++ v.1.4.0
2025/03/27 (15:40:15) | WARNING: ROCm SMI: Failed to get maximum GPU temperature, defaulting to 110°C
2025/03/27 (15:40:15) | WARNING: ROCm SMI: Failed to get PCIe throughput

2025/03/28 (13:49:34) | ===> btop++ v.1.4.0
2025/03/28 (13:49:34) | WARNING: ROCm SMI: Failed to get maximum GPU temperature, defaulting to 110°C
2025/03/28 (13:49:34) | WARNING: ROCm SMI: Failed to get PCIe throughput

2025/03/28 (16:11:54) | ===> btop++ v.1.4.0
2025/03/28 (16:11:54) | WARNING: ROCm SMI: Failed to get maximum GPU temperature, defaulting to 110°C
2025/03/28 (16:11:54) | WARNING: ROCm SMI: Failed to get PCIe throughput

2025/03/28 (16:18:10) | ===> btop++ v.1.4.0
2025/03/28 (16:18:10) | WARNING: ROCm SMI: Failed to get maximum GPU temperature, defaulting to 110°C
2025/03/28 (16:18:10) | WARNING: ROCm SMI: Failed to get PCIe throughput

2025/03/28 (16:37:37) | ===> btop++ v.1.4.0
2025/03/28 (16:37:37) | WARNING: ROCm SMI: Failed to get maximum GPU temperature, defaulting to 110°C
2025/03/28 (16:37:37) | WARNING: ROCm SMI: Failed to get PCIe throughput

2025/03/28 (16:38:35) | ===> btop++ v.1.4.0
2025/03/28 (16:38:35) | WARNING: ROCm SMI: Failed to get maximum GPU temperature, defaulting to 110°C
2025/03/28 (16:38:35) | WARNING: ROCm SMI: Failed to get PCIe throughput

2025/03/28 (16:39:19) | ===> btop++ v.1.4.0
2025/03/28 (16:39:19) | WARNING: ROCm SMI: Failed to get maximum GPU temperature, defaulting to 110°C
2025/03/28 (16:39:19) | WARNING: ROCm SMI: Failed to get PCIe throughput

2025/03/30 (21:13:21) | ===> btop++ v.1.4.0
2025/03/30 (21:13:21) | WARNING: ROCm SMI: Failed to get maximum GPU temperature, defaulting to 110°C
2025/03/30 (21:13:21) | WARNING: ROCm SMI: Failed to get PCIe throughput

2025/04/08 (23:17:28) | ===> btop++ v.1.4.0
2025/04/08 (23:17:28) | WARNING: ROCm SMI: Failed to get maximum GPU temperature, defaulting to 110°C
2025/04/08 (23:17:28) | WARNING: ROCm SMI: Failed to get PCIe throughput
2025/04/08 (23:17:47) | WARNING: ROCm SMI: Failed to get VRAM clock speed: 
2025/04/08 (23:17:49) | WARNING: ROCm SMI: Failed to get VRAM clock speed: 
2025/04/08 (23:17:51) | WARNING: ROCm SMI: Failed to get VRAM clock speed: 
2025/04/08 (23:17:53) | WARNING: ROCm SMI: Failed to get VRAM clock speed: 
2025/04/08 (23:17:55) | WARNING: ROCm SMI: Failed to get VRAM clock speed: 
2025/04/08 (23:17:57) | WARNING: ROCm SMI: Failed to get VRAM clock speed: 
2025/04/08 (23:17:59) | WARNING: ROCm SMI: Failed to get VRAM clock speed: 
2025/04/08 (23:18:01) | WARNING: ROCm SMI: Failed to get VRAM clock speed: 
2025/04/08 (23:18:03) | WARNING: ROCm SMI: Failed to get VRAM clock speed: 
2025/04/08 (23:18:05) | WARNING: ROCm SMI: Failed to get VRAM clock speed: 
2025/04/08 (23:18:07) | WARNING: ROCm SMI: Failed to get VRAM clock speed: 
2025/04/08 (23:18:09) | WARNING: ROCm SMI: Failed to get VRAM clock speed: 
2025/04/08 (23:18:11) | WARNING: ROCm SMI: Failed to get VRAM clock speed: 
2025/04/08 (23:18:13) | WARNING: ROCm SMI: Failed to get VRAM clock speed: 
2025/04/08 (23:18:15) | WARNING: ROCm SMI: Failed to get VRAM clock speed: 
2025/04/08 (23:18:17) | WARNING: ROCm SMI: Failed to get VRAM clock speed: 
2025/04/08 (23:18:19) | WARNING: ROCm SMI: Failed to get VRAM clock speed: 
2025/04/08 (23:18:21) | WARNING: ROCm SMI: Failed to get VRAM clock speed: 
2025/04/08 (23:18:23) | WARNING: ROCm SMI: Failed to get VRAM clock speed: 
2025/04/08 (23:18:25) | WARNING: ROCm SMI: Failed to get VRAM clock speed: 
2025/04/08 (23:18:27) | WARNING: ROCm SMI: Failed to get VRAM clock speed: 
2025/04/08 (23:18:29) | WARNING: ROCm SMI: Failed to get VRAM clock speed: 
2025/04/08 (23:18:31) | WARNING: ROCm SMI: Failed to get VRAM clock speed: 
2025/04/08 (23:18:33) | WARNING: ROCm SMI: Failed to get VRAM clock speed: 
2025/04/08 (23:18:35) | WARNING: ROCm SMI: Failed to get VRAM clock speed: 
2025/04/08 (23:18:38) | WARNING: ROCm SMI: Failed to get VRAM clock speed: 
2025/04/08 (23:18:40) | WARNING: ROCm SMI: Failed to get VRAM clock speed: 
2025/04/08 (23:18:42) | WARNING: ROCm SMI: Failed to get VRAM clock speed: 

2025/04/08 (23:20:38) | ===> btop++ v.1.4.0
2025/04/08 (23:20:38) | WARNING: ROCm SMI: Failed to get maximum GPU temperature, defaulting to 110°C
2025/04/08 (23:20:38) | WARNING: ROCm SMI: Failed to get PCIe throughput
2025/04/08 (23:20:42) | WARNING: ROCm SMI: Failed to get VRAM clock speed: 
2025/04/08 (23:20:44) | WARNING: ROCm SMI: Failed to get VRAM clock speed: 
2025/04/08 (23:20:46) | WARNING: ROCm SMI: Failed to get VRAM clock speed: 
2025/04/08 (23:20:48) | WARNING: ROCm SMI: Failed to get VRAM clock speed: 
2025/04/08 (23:20:50) | WARNING: ROCm SMI: Failed to get VRAM clock speed: 
2025/04/08 (23:20:52) | WARNING: ROCm SMI: Failed to get VRAM clock speed: 
2025/04/08 (23:20:54) | WARNING: ROCm SMI: Failed to get VRAM clock speed: 
2025/04/08 (23:20:56) | WARNING: ROCm SMI: Failed to get VRAM clock speed: 
2025/04/08 (23:20:58) | WARNING: ROCm SMI: Failed to get VRAM clock speed: 
2025/04/08 (23:21:00) | WARNING: ROCm SMI: Failed to get VRAM clock speed: 
2025/04/08 (23:21:02) | WARNING: ROCm SMI: Failed to get VRAM clock speed: 
2025/04/08 (23:21:04) | WARNING: ROCm SMI: Failed to get VRAM clock speed: 
2025/04/08 (23:21:06) | WARNING: ROCm SMI: Failed to get VRAM clock speed: 
2025/04/08 (23:21:08) | WARNING: ROCm SMI: Failed to get VRAM clock speed: 
2025/04/08 (23:21:10) | WARNING: ROCm SMI: Failed to get VRAM clock speed: 
2025/04/08 (23:21:12) | WARNING: ROCm SMI: Failed to get VRAM clock speed: 
2025/04/08 (23:21:14) | WARNING: ROCm SMI: Failed to get VRAM clock speed: 
2025/04/08 (23:21:16) | WARNING: ROCm SMI: Failed to get VRAM clock speed: 
2025/04/08 (23:21:18) | WARNING: ROCm SMI: Failed to get VRAM clock speed: 
2025/04/08 (23:21:20) | WARNING: ROCm SMI: Failed to get VRAM clock speed: 
2025/04/08 (23:21:22) | WARNING: ROCm SMI: Failed to get VRAM clock speed: 
2025/04/08 (23:21:24) | WARNING: ROCm SMI: Failed to get VRAM clock speed: 
2025/04/08 (23:21:26) | WARNING: ROCm SMI: Failed to get VRAM clock speed: 
2025/04/08 (23:21:28) | WARNING: ROCm SMI: Failed to get VRAM clock speed: 
2025/04/08 (23:21:30) | WARNING: ROCm SMI: Failed to get VRAM clock speed: 
2025/04/08 (23:21:32) | WARNING: ROCm SMI: Failed to get VRAM clock speed: 
2025/04/08 (23:21:34) | WARNING: ROCm SMI: Failed to get VRAM clock speed: 
2025/04/08 (23:21:36) | WARNING: ROCm SMI: Failed to get VRAM clock speed: 
2025/04/08 (23:21:38) | WARNING: ROCm SMI: Failed to get VRAM clock speed: 
2025/04/08 (23:21:40) | WARNING: ROCm SMI: Failed to get VRAM clock speed: 
2025/04/08 (23:21:42) | WARNING: ROCm SMI: Failed to get VRAM clock speed: 
2025/04/08 (23:21:44) | WARNING: ROCm SMI: Failed to get VRAM clock speed: 
2025/04/08 (23:21:46) | WARNING: ROCm SMI: Failed to get VRAM clock speed: 
2025/04/08 (23:21:48) | WARNING: ROCm SMI: Failed to get VRAM clock speed: 
2025/04/08 (23:21:50) | WARNING: ROCm SMI: Failed to get VRAM clock speed: 
2025/04/08 (23:21:52) | WARNING: ROCm SMI: Failed to get VRAM clock speed: 
2025/04/08 (23:21:54) | WARNING: ROCm SMI: Failed to get VRAM clock speed: 
2025/04/08 (23:21:56) | WARNING: ROCm SMI: Failed to get VRAM clock speed: 
2025/04/08 (23:21:58) | WARNING: ROCm SMI: Failed to get VRAM clock speed: 
2025/04/08 (23:22:00) | WARNING: ROCm SMI: Failed to get VRAM clock speed: 
2025/04/08 (23:22:02) | WARNING: ROCm SMI: Failed to get VRAM clock speed: 
2025/04/08 (23:22:04) | WARNING: ROCm SMI: Failed to get VRAM clock speed: 
2025/04/08 (23:22:06) | WARNING: ROCm SMI: Failed to get VRAM clock speed: 
2025/04/08 (23:22:08) | WARNING: ROCm SMI: Failed to get VRAM clock speed: 
2025/04/08 (23:22:10) | WARNING: ROCm SMI: Failed to get VRAM clock speed: 
2025/04/08 (23:22:12) | WARNING: ROCm SMI: Failed to get VRAM clock speed: 
2025/04/08 (23:22:14) | WARNING: ROCm SMI: Failed to get VRAM clock speed: 
2025/04/08 (23:22:16) | WARNING: ROCm SMI: Failed to get VRAM clock speed: 
2025/04/08 (23:22:18) | WARNING: ROCm SMI: Failed to get VRAM clock speed: 

2025/04/19 (10:15:25) | ===> btop++ v.1.4.0
2025/04/19 (10:15:25) | WARNING: ROCm SMI: Failed to get maximum GPU temperature, defaulting to 110°C
2025/04/19 (10:15:25) | WARNING: ROCm SMI: Failed to get PCIe throughput
