    OpenRGB v0.9
    Commit: b5f46e3f1de03595656c682fc2f068b66e735e63 from 2023-07-09 22:51:47 -0500
    Launched: 20240719_194953
====================================================================================================

0     |Info:    Found file: MyRGB.orp attempting to validate header
0     |Info:    Valid v4 profile found for MyRGB
1009  |Info:    ------------------------------------------------------
1009  |Info:    |               Start device detection               |
1009  |Info:    ------------------------------------------------------
1010  |Info:    Initializing HID interfaces: Success
1033  |Info:    ------------------------------------------------------
1033  |Info:    |             Detecting I2C interfaces               |
1033  |Info:    ------------------------------------------------------
1033  |Info:    Registering I2C interface: /dev/i2c-3 Device 1002:73DF Subsystem: 1458:2331
1033  |Info:    Registering I2C interface: /dev/i2c-10 Device 1022:790B Subsystem: 1849:FFFF
1034  |Info:    Registering I2C interface: /dev/i2c-1 Device 1002:73DF Subsystem: 1458:2331
1034  |Info:    Registering I2C interface: /dev/i2c-8 Device 1022:790B Subsystem: 1849:FFFF
1035  |Warning: [i2c_smbus_linux] Failed to read i2c device PCI device ID
1035  |Info:    Registering I2C interface: /dev/i2c-6 Device 0000:0000 Subsystem: 0000:0000
1035  |Info:    Registering I2C interface: /dev/i2c-4 Device 1002:73DF Subsystem: 1458:2331
1035  |Info:    Registering I2C interface: /dev/i2c-2 Device 1002:73DF Subsystem: 1458:2331
1035  |Info:    Registering I2C interface: /dev/i2c-0 Device 1002:73DF Subsystem: 1458:2331
1035  |Info:    Registering I2C interface: /dev/i2c-9 Device 1022:790B Subsystem: 1849:FFFF
1036  |Warning: [i2c_smbus_linux] Failed to read i2c device PCI device ID
1036  |Info:    Registering I2C interface: /dev/i2c-7 Device 0000:0000 Subsystem: 0000:0000
1036  |Info:    Registering I2C interface: /dev/i2c-5 Device 1002:73DF Subsystem: 1458:2331
1036  |Info:    ------------------------------------------------------
1036  |Info:    |               Detecting I2C devices                |
1036  |Info:    ------------------------------------------------------
1085  |Info:    [ASRock X470 Taichi] Registering RGB controller
1855  |Info:    [Corsair Vengeance Pro RGB] Registering RGB controller
1867  |Info:    [Corsair Vengeance Pro RGB] Registering RGB controller
2250  |Info:    ------------------------------------------------------
2250  |Info:    |               Detecting I2C PCI devices            |
2250  |Info:    ------------------------------------------------------
2251  |Info:    ------------------------------------------------------
2251  |Info:    |               Detecting HID devices                |
2251  |Info:    ------------------------------------------------------
2305  |Info:    [AMD Wraith Prism] Registering RGB controller
2309  |Info:    [Corsair Commander Pro] Registering RGB controller
2310  |Info:    [Logitech G512 RGB] Registering RGB controller
2310  |Info:    ------------------------------------------------------
2310  |Info:    |            Detecting libusb HID devices            |
2310  |Info:    ------------------------------------------------------
2310  |Info:    ------------------------------------------------------
2310  |Info:    |              Detecting other devices               |
2310  |Info:    ------------------------------------------------------
2350  |Info:    ------------------------------------------------------
2350  |Info:    |                Detection completed                 |
2350  |Info:    ------------------------------------------------------
