    OpenRGB v0.9
    Commit: b5f46e3f1de03595656c682fc2f068b66e735e63 from 2023-07-09 22:51:47 -0500
    Launched: 20240716_191453
====================================================================================================

0     |Info:    Found file: MyRGB.orp attempting to validate header
0     |Info:    Valid v4 profile found for MyRGB
1004  |Info:    ------------------------------------------------------
1004  |Info:    |               Start device detection               |
1004  |Info:    ------------------------------------------------------
1004  |Info:    Initializing HID interfaces: Success
1012  |Info:    ------------------------------------------------------
1012  |Info:    |             Detecting I2C interfaces               |
1012  |Info:    ------------------------------------------------------
1012  |Info:    Registering I2C interface: /dev/i2c-3 Device 1002:73DF Subsystem: 1458:2331
1012  |Info:    Registering I2C interface: /dev/i2c-10 Device 1022:790B Subsystem: 1849:FFFF
1012  |Info:    Registering I2C interface: /dev/i2c-1 Device 1002:73DF Subsystem: 1458:2331
1012  |Info:    Registering I2C interface: /dev/i2c-8 Device 1022:790B Subsystem: 1849:FFFF
1012  |Warning: [i2c_smbus_linux] Failed to read i2c device PCI device ID
1012  |Info:    Registering I2C interface: /dev/i2c-6 Device 0000:0000 Subsystem: 0000:0000
1012  |Info:    Registering I2C interface: /dev/i2c-4 Device 1002:73DF Subsystem: 1458:2331
1013  |Info:    Registering I2C interface: /dev/i2c-2 Device 1002:73DF Subsystem: 1458:2331
1013  |Info:    Registering I2C interface: /dev/i2c-0 Device 1002:73DF Subsystem: 1458:2331
1013  |Info:    Registering I2C interface: /dev/i2c-9 Device 1022:790B Subsystem: 1849:FFFF
1013  |Warning: [i2c_smbus_linux] Failed to read i2c device PCI device ID
1013  |Info:    Registering I2C interface: /dev/i2c-7 Device 0000:0000 Subsystem: 0000:0000
1013  |Info:    Registering I2C interface: /dev/i2c-5 Device 1002:73DF Subsystem: 1458:2331
1013  |Info:    ------------------------------------------------------
1013  |Info:    |               Detecting I2C devices                |
1013  |Info:    ------------------------------------------------------
1043  |Info:    [ASRock X470 Taichi] Registering RGB controller
1702  |Info:    [Corsair Vengeance Pro RGB] Registering RGB controller
1714  |Info:    [Corsair Vengeance Pro RGB] Registering RGB controller
2050  |Info:    ------------------------------------------------------
2050  |Info:    |               Detecting I2C PCI devices            |
2050  |Info:    ------------------------------------------------------
2051  |Info:    ------------------------------------------------------
2051  |Info:    |               Detecting HID devices                |
2051  |Info:    ------------------------------------------------------
2105  |Info:    [AMD Wraith Prism] Registering RGB controller
2107  |Info:    [Corsair Commander Pro] Registering RGB controller
2108  |Info:    [Logitech G512 RGB] Registering RGB controller
2108  |Info:    ------------------------------------------------------
2108  |Info:    |            Detecting libusb HID devices            |
2108  |Info:    ------------------------------------------------------
2109  |Info:    ------------------------------------------------------
2109  |Info:    |              Detecting other devices               |
2109  |Info:    ------------------------------------------------------
2123  |Info:    ------------------------------------------------------
2123  |Info:    |                Detection completed                 |
2123  |Info:    ------------------------------------------------------
2123  |Info:    Profile loading: Succeeded for ASRock X470 Taichi @ I2C: /dev/i2c-10, address 0x6A
2123  |Info:    Profile loading: Succeeded for Corsair Vengeance Pro RGB @ I2C: /dev/i2c-8, address 0x5A
2123  |Info:    Profile loading: Succeeded for Corsair Vengeance Pro RGB @ I2C: /dev/i2c-8, address 0x5B
2123  |Info:    Profile loading: Succeeded for AMD Wraith Prism @ HID: /dev/hidraw2
2123  |Info:    Profile loading: Succeeded for Corsair Commander Pro @ HID: /dev/hidraw4
2123  |Info:    Profile loading: Succeeded for Logitech G512 RGB @ 
