    OpenRGB v0.9
    Commit: b5f46e3f1de03595656c682fc2f068b66e735e63 from 2023-07-09 22:51:47 -0500
    Launched: 20240718_152832
====================================================================================================

3     |Info:    Found file: MyRGB.orp attempting to validate header
4     |Info:    Valid v4 profile found for MyRGB
1046  |Info:    ------------------------------------------------------
1046  |Info:    |               Start device detection               |
1046  |Info:    ------------------------------------------------------
1046  |Info:    Initializing HID interfaces: Success
1267  |Info:    ------------------------------------------------------
1267  |Info:    |             Detecting I2C interfaces               |
1267  |Info:    ------------------------------------------------------
1268  |Info:    Registering I2C interface: /dev/i2c-3 Device 1002:73DF Subsystem: 1458:2331
1268  |Info:    Registering I2C interface: /dev/i2c-10 Device 1022:790B Subsystem: 1849:FFFF
1281  |Info:    Registering I2C interface: /dev/i2c-1 Device 1002:73DF Subsystem: 1458:2331
1281  |Info:    Registering I2C interface: /dev/i2c-8 Device 1022:790B Subsystem: 1849:FFFF
1281  |Warning: [i2c_smbus_linux] Failed to read i2c device PCI device ID
1281  |Info:    Registering I2C interface: /dev/i2c-6 Device 0000:0000 Subsystem: 0000:0000
1281  |Info:    Registering I2C interface: /dev/i2c-4 Device 1002:73DF Subsystem: 1458:2331
1282  |Info:    Registering I2C interface: /dev/i2c-2 Device 1002:73DF Subsystem: 1458:2331
1282  |Info:    Registering I2C interface: /dev/i2c-0 Device 1002:73DF Subsystem: 1458:2331
1291  |Info:    Registering I2C interface: /dev/i2c-9 Device 1022:790B Subsystem: 1849:FFFF
1291  |Warning: [i2c_smbus_linux] Failed to read i2c device PCI device ID
1552  |Info:    Registering I2C interface: /dev/i2c-7 Device 0000:0000 Subsystem: 0000:0000
1561  |Info:    Registering I2C interface: /dev/i2c-5 Device 1002:73DF Subsystem: 1458:2331
1561  |Info:    ------------------------------------------------------
1561  |Info:    |               Detecting I2C devices                |
1561  |Info:    ------------------------------------------------------
1687  |Info:    [ASRock X470 Taichi] Registering RGB controller
2493  |Info:    [Corsair Vengeance Pro RGB] Registering RGB controller
2506  |Info:    [Corsair Vengeance Pro RGB] Registering RGB controller
2993  |Info:    ------------------------------------------------------
2993  |Info:    |               Detecting I2C PCI devices            |
2993  |Info:    ------------------------------------------------------
2994  |Info:    ------------------------------------------------------
2994  |Info:    |               Detecting HID devices                |
2994  |Info:    ------------------------------------------------------
3064  |Info:    [AMD Wraith Prism] Registering RGB controller
3067  |Info:    [Corsair Commander Pro] Registering RGB controller
3068  |Info:    [Logitech G512 RGB] Registering RGB controller
3068  |Info:    ------------------------------------------------------
3068  |Info:    |            Detecting libusb HID devices            |
3068  |Info:    ------------------------------------------------------
3068  |Info:    ------------------------------------------------------
3068  |Info:    |              Detecting other devices               |
3068  |Info:    ------------------------------------------------------
3112  |Info:    ------------------------------------------------------
3112  |Info:    |                Detection completed                 |
3112  |Info:    ------------------------------------------------------
