    OpenRGB v0.9
    Commit: b5f46e3f1de03595656c682fc2f068b66e735e63 from 2023-07-09 22:51:47 -0500
    Launched: 20240718_103045
====================================================================================================

2     |Info:    Found file: MyRGB.orp attempting to validate header
2     |Info:    Valid v4 profile found for MyRGB
1031  |Info:    ------------------------------------------------------
1031  |Info:    |               Start device detection               |
1031  |Info:    ------------------------------------------------------
1031  |Info:    Initializing HID interfaces: Success
1040  |Info:    ------------------------------------------------------
1040  |Info:    |             Detecting I2C interfaces               |
1040  |Info:    ------------------------------------------------------
1040  |Info:    Registering I2C interface: /dev/i2c-3 Device 1002:73DF Subsystem: 1458:2331
1040  |Info:    Registering I2C interface: /dev/i2c-10 Device 1022:790B Subsystem: 1849:FFFF
1041  |Info:    Registering I2C interface: /dev/i2c-1 Device 1002:73DF Subsystem: 1458:2331
1041  |Info:    Registering I2C interface: /dev/i2c-8 Device 1022:790B Subsystem: 1849:FFFF
1041  |Warning: [i2c_smbus_linux] Failed to read i2c device PCI device ID
1041  |Info:    Registering I2C interface: /dev/i2c-6 Device 0000:0000 Subsystem: 0000:0000
1041  |Info:    Registering I2C interface: /dev/i2c-4 Device 1002:73DF Subsystem: 1458:2331
1041  |Info:    Registering I2C interface: /dev/i2c-2 Device 1002:73DF Subsystem: 1458:2331
1041  |Info:    Registering I2C interface: /dev/i2c-0 Device 1002:73DF Subsystem: 1458:2331
1041  |Info:    Registering I2C interface: /dev/i2c-9 Device 1022:790B Subsystem: 1849:FFFF
1042  |Warning: [i2c_smbus_linux] Failed to read i2c device PCI device ID
1042  |Info:    Registering I2C interface: /dev/i2c-7 Device 0000:0000 Subsystem: 0000:0000
1042  |Info:    Registering I2C interface: /dev/i2c-5 Device 1002:73DF Subsystem: 1458:2331
1042  |Info:    ------------------------------------------------------
1042  |Info:    |               Detecting I2C devices                |
1042  |Info:    ------------------------------------------------------
1079  |Info:    [ASRock X470 Taichi] Registering RGB controller
2392  |Info:    [Corsair Vengeance Pro RGB] Registering RGB controller
2405  |Info:    [Corsair Vengeance Pro RGB] Registering RGB controller
3282  |Info:    ------------------------------------------------------
3282  |Info:    |               Detecting I2C PCI devices            |
3282  |Info:    ------------------------------------------------------
3283  |Info:    ------------------------------------------------------
3283  |Info:    |               Detecting HID devices                |
3283  |Info:    ------------------------------------------------------
3339  |Info:    [AMD Wraith Prism] Registering RGB controller
3364  |Info:    [Corsair Commander Pro] Registering RGB controller
3365  |Info:    [Logitech G512 RGB] Registering RGB controller
3365  |Info:    ------------------------------------------------------
3365  |Info:    |            Detecting libusb HID devices            |
3365  |Info:    ------------------------------------------------------
3366  |Info:    ------------------------------------------------------
3366  |Info:    |              Detecting other devices               |
3366  |Info:    ------------------------------------------------------
3391  |Info:    ------------------------------------------------------
3391  |Info:    |                Detection completed                 |
3391  |Info:    ------------------------------------------------------
