    OpenRGB v0.9
    Commit: b5f46e3f1de03595656c682fc2f068b66e735e63 from 2023-07-09 22:51:47 -0500
    Launched: 20240716_191622
====================================================================================================

0     |Info:    Found file: MyRGB.orp attempting to validate header
0     |Info:    Valid v4 profile found for MyRGB
1005  |Info:    ------------------------------------------------------
1005  |Info:    |               Start device detection               |
1005  |Info:    ------------------------------------------------------
1005  |Info:    Initializing HID interfaces: Success
1013  |Info:    ------------------------------------------------------
1013  |Info:    |             Detecting I2C interfaces               |
1013  |Info:    ------------------------------------------------------
1013  |Info:    Registering I2C interface: /dev/i2c-3 Device 1002:73DF Subsystem: 1458:2331
1013  |Info:    Registering I2C interface: /dev/i2c-10 Device 1022:790B Subsystem: 1849:FFFF
1013  |Info:    Registering I2C interface: /dev/i2c-1 Device 1002:73DF Subsystem: 1458:2331
1013  |Info:    Registering I2C interface: /dev/i2c-8 Device 1022:790B Subsystem: 1849:FFFF
1013  |Warning: [i2c_smbus_linux] Failed to read i2c device PCI device ID
1013  |Info:    Registering I2C interface: /dev/i2c-6 Device 0000:0000 Subsystem: 0000:0000
1013  |Info:    Registering I2C interface: /dev/i2c-4 Device 1002:73DF Subsystem: 1458:2331
1013  |Info:    Registering I2C interface: /dev/i2c-2 Device 1002:73DF Subsystem: 1458:2331
1014  |Info:    Registering I2C interface: /dev/i2c-0 Device 1002:73DF Subsystem: 1458:2331
1014  |Info:    Registering I2C interface: /dev/i2c-9 Device 1022:790B Subsystem: 1849:FFFF
1014  |Warning: [i2c_smbus_linux] Failed to read i2c device PCI device ID
1014  |Info:    Registering I2C interface: /dev/i2c-7 Device 0000:0000 Subsystem: 0000:0000
1014  |Info:    Registering I2C interface: /dev/i2c-5 Device 1002:73DF Subsystem: 1458:2331
1014  |Info:    ------------------------------------------------------
1014  |Info:    |               Detecting I2C devices                |
1014  |Info:    ------------------------------------------------------
1044  |Info:    [ASRock X470 Taichi] Registering RGB controller
1704  |Info:    [Corsair Vengeance Pro RGB] Registering RGB controller
1715  |Info:    [Corsair Vengeance Pro RGB] Registering RGB controller
2053  |Info:    ------------------------------------------------------
2053  |Info:    |               Detecting I2C PCI devices            |
2053  |Info:    ------------------------------------------------------
2054  |Info:    ------------------------------------------------------
2054  |Info:    |               Detecting HID devices                |
2054  |Info:    ------------------------------------------------------
2106  |Info:    [AMD Wraith Prism] Registering RGB controller
2108  |Info:    [Corsair Commander Pro] Registering RGB controller
2109  |Info:    [Logitech G512 RGB] Registering RGB controller
2109  |Info:    ------------------------------------------------------
2109  |Info:    |            Detecting libusb HID devices            |
2109  |Info:    ------------------------------------------------------
2109  |Info:    ------------------------------------------------------
2109  |Info:    |              Detecting other devices               |
2109  |Info:    ------------------------------------------------------
2121  |Info:    ------------------------------------------------------
2121  |Info:    |                Detection completed                 |
2121  |Info:    ------------------------------------------------------
2121  |Info:    Profile loading: Succeeded for ASRock X470 Taichi @ I2C: /dev/i2c-10, address 0x6A
2121  |Info:    Profile loading: Succeeded for Corsair Vengeance Pro RGB @ I2C: /dev/i2c-8, address 0x5A
2121  |Info:    Profile loading: Succeeded for Corsair Vengeance Pro RGB @ I2C: /dev/i2c-8, address 0x5B
2121  |Info:    Profile loading: Succeeded for AMD Wraith Prism @ HID: /dev/hidraw2
2121  |Info:    Profile loading: Succeeded for Corsair Commander Pro @ HID: /dev/hidraw4
2121  |Info:    Profile loading: Succeeded for Logitech G512 RGB @ 
