    OpenRGB v0.9
    Commit: b5f46e3f1de03595656c682fc2f068b66e735e63 from 2023-07-09 22:51:47 -0500
    Launched: 20240716_180128
====================================================================================================

4     |Info:    Found file: MyRGB.orp attempting to validate header
4     |Info:    Valid v4 profile found for MyRGB
2059  |Info:    ------------------------------------------------------
2059  |Info:    |               Start device detection               |
2059  |Info:    ------------------------------------------------------
2065  |Info:    Initializing HID interfaces: Success
2087  |Info:    ------------------------------------------------------
2087  |Info:    |             Detecting I2C interfaces               |
2087  |Info:    ------------------------------------------------------
2087  |Info:    Registering I2C interface: /dev/i2c-3 Device 1002:73DF Subsystem: 1458:2331
2087  |Info:    Registering I2C interface: /dev/i2c-10 Device 1022:790B Subsystem: 1849:FFFF
2087  |Info:    Registering I2C interface: /dev/i2c-1 Device 1002:73DF Subsystem: 1458:2331
2088  |Info:    Registering I2C interface: /dev/i2c-8 Device 1022:790B Subsystem: 1849:FFFF
2088  |Warning: [i2c_smbus_linux] Failed to read i2c device PCI device ID
2088  |Info:    Registering I2C interface: /dev/i2c-6 Device 0000:0000 Subsystem: 0000:0000
2088  |Info:    Registering I2C interface: /dev/i2c-4 Device 1002:73DF Subsystem: 1458:2331
2088  |Info:    Registering I2C interface: /dev/i2c-2 Device 1002:73DF Subsystem: 1458:2331
2088  |Info:    Registering I2C interface: /dev/i2c-0 Device 1002:73DF Subsystem: 1458:2331
2088  |Info:    Registering I2C interface: /dev/i2c-9 Device 1022:790B Subsystem: 1849:FFFF
2088  |Warning: [i2c_smbus_linux] Failed to read i2c device PCI device ID
2089  |Info:    Registering I2C interface: /dev/i2c-7 Device 0000:0000 Subsystem: 0000:0000
2089  |Info:    Registering I2C interface: /dev/i2c-5 Device 1002:73DF Subsystem: 1458:2331
2089  |Info:    ------------------------------------------------------
2089  |Info:    |               Detecting I2C devices                |
2089  |Info:    ------------------------------------------------------
2125  |Info:    [ASRock X470 Taichi] Registering RGB controller
2820  |Info:    [Corsair Vengeance Pro RGB] Registering RGB controller
2831  |Info:    [Corsair Vengeance Pro RGB] Registering RGB controller
3198  |Info:    ------------------------------------------------------
3198  |Info:    |               Detecting I2C PCI devices            |
3198  |Info:    ------------------------------------------------------
3198  |Info:    ------------------------------------------------------
3198  |Info:    |               Detecting HID devices                |
3198  |Info:    ------------------------------------------------------
3251  |Info:    [AMD Wraith Prism] Registering RGB controller
3272  |Info:    [Corsair Commander Pro] Registering RGB controller
3282  |Info:    [Logitech G512 RGB] Registering RGB controller
3282  |Info:    ------------------------------------------------------
3282  |Info:    |            Detecting libusb HID devices            |
3282  |Info:    ------------------------------------------------------
3283  |Info:    ------------------------------------------------------
3283  |Info:    |              Detecting other devices               |
3283  |Info:    ------------------------------------------------------
3293  |Info:    ------------------------------------------------------
3293  |Info:    |                Detection completed                 |
3293  |Info:    ------------------------------------------------------
