    OpenRGB v0.9
    Commit: b5f46e3f1de03595656c682fc2f068b66e735e63 from 2023-07-09 22:51:47 -0500
    Launched: 20240716_231347
====================================================================================================

7     |Info:    Found file: MyRGB.orp attempting to validate header
14    |Info:    Valid v4 profile found for MyRGB
1081  |Info:    ------------------------------------------------------
1081  |Info:    |               Start device detection               |
1081  |Info:    ------------------------------------------------------
1081  |Info:    Initializing HID interfaces: Success
1159  |Info:    ------------------------------------------------------
1159  |Info:    |             Detecting I2C interfaces               |
1159  |Info:    ------------------------------------------------------
1175  |Info:    Registering I2C interface: /dev/i2c-3 Device 1002:73DF Subsystem: 1458:2331
1176  |Info:    Registering I2C interface: /dev/i2c-10 Device 1022:790B Subsystem: 1849:FFFF
1176  |Info:    Registering I2C interface: /dev/i2c-1 Device 1002:73DF Subsystem: 1458:2331
1176  |Info:    Registering I2C interface: /dev/i2c-8 Device 1022:790B Subsystem: 1849:FFFF
1176  |Warning: [i2c_smbus_linux] Failed to read i2c device PCI device ID
1176  |Info:    Registering I2C interface: /dev/i2c-6 Device 0000:0000 Subsystem: 0000:0000
1176  |Info:    Registering I2C interface: /dev/i2c-4 Device 1002:73DF Subsystem: 1458:2331
1177  |Info:    Registering I2C interface: /dev/i2c-2 Device 1002:73DF Subsystem: 1458:2331
1177  |Info:    Registering I2C interface: /dev/i2c-0 Device 1002:73DF Subsystem: 1458:2331
1177  |Info:    Registering I2C interface: /dev/i2c-9 Device 1022:790B Subsystem: 1849:FFFF
1177  |Warning: [i2c_smbus_linux] Failed to read i2c device PCI device ID
1177  |Info:    Registering I2C interface: /dev/i2c-7 Device 0000:0000 Subsystem: 0000:0000
1177  |Info:    Registering I2C interface: /dev/i2c-5 Device 1002:73DF Subsystem: 1458:2331
1177  |Info:    ------------------------------------------------------
1177  |Info:    |               Detecting I2C devices                |
1177  |Info:    ------------------------------------------------------
1241  |Info:    [ASRock X470 Taichi] Registering RGB controller
2126  |Info:    [Corsair Vengeance Pro RGB] Registering RGB controller
2139  |Info:    [Corsair Vengeance Pro RGB] Registering RGB controller
2803  |Info:    ------------------------------------------------------
2803  |Info:    |               Detecting I2C PCI devices            |
2803  |Info:    ------------------------------------------------------
2804  |Info:    ------------------------------------------------------
2804  |Info:    |               Detecting HID devices                |
2804  |Info:    ------------------------------------------------------
2859  |Info:    [AMD Wraith Prism] Registering RGB controller
2867  |Info:    [Corsair Commander Pro] Registering RGB controller
2877  |Info:    [Logitech G512 RGB] Registering RGB controller
2878  |Info:    ------------------------------------------------------
2878  |Info:    |            Detecting libusb HID devices            |
2878  |Info:    ------------------------------------------------------
2878  |Info:    ------------------------------------------------------
2878  |Info:    |              Detecting other devices               |
2878  |Info:    ------------------------------------------------------
2901  |Info:    ------------------------------------------------------
2901  |Info:    |                Detection completed                 |
2901  |Info:    ------------------------------------------------------
