    OpenRGB v0.9
    Commit: b5f46e3f1de03595656c682fc2f068b66e735e63 from 2023-07-09 22:51:47 -0500
    Launched: 20240717_143351
====================================================================================================

1     |Info:    Found file: MyRGB.orp attempting to validate header
26    |Info:    Valid v4 profile found for MyRGB
1059  |Info:    ------------------------------------------------------
1059  |Info:    |               Start device detection               |
1059  |Info:    ------------------------------------------------------
1059  |Info:    Initializing HID interfaces: Success
1207  |Info:    ------------------------------------------------------
1207  |Info:    |             Detecting I2C interfaces               |
1207  |Info:    ------------------------------------------------------
1286  |Info:    Registering I2C interface: /dev/i2c-3 Device 1002:73DF Subsystem: 1458:2331
1286  |Info:    Registering I2C interface: /dev/i2c-10 Device 1022:790B Subsystem: 1849:FFFF
1286  |Info:    Registering I2C interface: /dev/i2c-1 Device 1002:73DF Subsystem: 1458:2331
1286  |Info:    Registering I2C interface: /dev/i2c-8 Device 1022:790B Subsystem: 1849:FFFF
1286  |Warning: [i2c_smbus_linux] Failed to read i2c device PCI device ID
1286  |Info:    Registering I2C interface: /dev/i2c-6 Device 0000:0000 Subsystem: 0000:0000
1286  |Info:    Registering I2C interface: /dev/i2c-4 Device 1002:73DF Subsystem: 1458:2331
1287  |Info:    Registering I2C interface: /dev/i2c-2 Device 1002:73DF Subsystem: 1458:2331
1287  |Info:    Registering I2C interface: /dev/i2c-0 Device 1002:73DF Subsystem: 1458:2331
1287  |Info:    Registering I2C interface: /dev/i2c-9 Device 1022:790B Subsystem: 1849:FFFF
1287  |Warning: [i2c_smbus_linux] Failed to read i2c device PCI device ID
1287  |Info:    Registering I2C interface: /dev/i2c-7 Device 0000:0000 Subsystem: 0000:0000
1287  |Info:    Registering I2C interface: /dev/i2c-5 Device 1002:73DF Subsystem: 1458:2331
1287  |Info:    ------------------------------------------------------
1287  |Info:    |               Detecting I2C devices                |
1287  |Info:    ------------------------------------------------------
1420  |Info:    [ASRock X470 Taichi] Registering RGB controller
2624  |Info:    [Corsair Vengeance Pro RGB] Registering RGB controller
2638  |Info:    [Corsair Vengeance Pro RGB] Registering RGB controller
3098  |Info:    ------------------------------------------------------
3098  |Info:    |               Detecting I2C PCI devices            |
3098  |Info:    ------------------------------------------------------
3100  |Info:    ------------------------------------------------------
3100  |Info:    |               Detecting HID devices                |
3100  |Info:    ------------------------------------------------------
3153  |Info:    [AMD Wraith Prism] Registering RGB controller
3157  |Info:    [Corsair Commander Pro] Registering RGB controller
3159  |Info:    [Logitech G512 RGB] Registering RGB controller
3159  |Info:    ------------------------------------------------------
3159  |Info:    |            Detecting libusb HID devices            |
3159  |Info:    ------------------------------------------------------
3159  |Info:    ------------------------------------------------------
3159  |Info:    |              Detecting other devices               |
3159  |Info:    ------------------------------------------------------
3183  |Info:    ------------------------------------------------------
3184  |Info:    |                Detection completed                 |
3184  |Info:    ------------------------------------------------------
