    OpenRGB v0.9
    Commit: b5f46e3f1de03595656c682fc2f068b66e735e63 from 2023-07-09 22:51:47 -0500
    Launched: 20240716_190447
====================================================================================================

0     |Info:    Found file: MyRGB.orp attempting to validate header
0     |Info:    Valid v4 profile found for MyRGB
2010  |Info:    ------------------------------------------------------
2010  |Info:    |               Start device detection               |
2010  |Info:    ------------------------------------------------------
2010  |Info:    Initializing HID interfaces: Success
2018  |Info:    ------------------------------------------------------
2018  |Info:    |             Detecting I2C interfaces               |
2018  |Info:    ------------------------------------------------------
2018  |Info:    Registering I2C interface: /dev/i2c-3 Device 1002:73DF Subsystem: 1458:2331
2019  |Info:    Registering I2C interface: /dev/i2c-10 Device 1022:790B Subsystem: 1849:FFFF
2019  |Info:    Registering I2C interface: /dev/i2c-1 Device 1002:73DF Subsystem: 1458:2331
2019  |Info:    Registering I2C interface: /dev/i2c-8 Device 1022:790B Subsystem: 1849:FFFF
2019  |Warning: [i2c_smbus_linux] Failed to read i2c device PCI device ID
2019  |Info:    Registering I2C interface: /dev/i2c-6 Device 0000:0000 Subsystem: 0000:0000
2019  |Info:    Registering I2C interface: /dev/i2c-4 Device 1002:73DF Subsystem: 1458:2331
2019  |Info:    Registering I2C interface: /dev/i2c-2 Device 1002:73DF Subsystem: 1458:2331
2019  |Info:    Registering I2C interface: /dev/i2c-0 Device 1002:73DF Subsystem: 1458:2331
2019  |Info:    Registering I2C interface: /dev/i2c-9 Device 1022:790B Subsystem: 1849:FFFF
2019  |Warning: [i2c_smbus_linux] Failed to read i2c device PCI device ID
2019  |Info:    Registering I2C interface: /dev/i2c-7 Device 0000:0000 Subsystem: 0000:0000
2020  |Info:    Registering I2C interface: /dev/i2c-5 Device 1002:73DF Subsystem: 1458:2331
2020  |Info:    ------------------------------------------------------
2020  |Info:    |               Detecting I2C devices                |
2020  |Info:    ------------------------------------------------------
2050  |Info:    [ASRock X470 Taichi] Registering RGB controller
2708  |Info:    [Corsair Vengeance Pro RGB] Registering RGB controller
2719  |Info:    [Corsair Vengeance Pro RGB] Registering RGB controller
3054  |Info:    ------------------------------------------------------
3054  |Info:    |               Detecting I2C PCI devices            |
3054  |Info:    ------------------------------------------------------
3055  |Info:    ------------------------------------------------------
3055  |Info:    |               Detecting HID devices                |
3055  |Info:    ------------------------------------------------------
3107  |Info:    [AMD Wraith Prism] Registering RGB controller
3124  |Info:    [Corsair Commander Pro] Registering RGB controller
3125  |Info:    [Logitech G512 RGB] Registering RGB controller
3125  |Info:    ------------------------------------------------------
3125  |Info:    |            Detecting libusb HID devices            |
3125  |Info:    ------------------------------------------------------
3125  |Info:    ------------------------------------------------------
3125  |Info:    |              Detecting other devices               |
3125  |Info:    ------------------------------------------------------
3136  |Info:    ------------------------------------------------------
3136  |Info:    |                Detection completed                 |
3136  |Info:    ------------------------------------------------------
