    OpenRGB v0.9
    Commit: b5f46e3f1de03595656c682fc2f068b66e735e63 from 2023-07-09 22:51:47 -0500
    Launched: 20240719_105827
====================================================================================================

0     |Info:    Found file: MyRGB.orp attempting to validate header
3     |Info:    Valid v4 profile found for MyRGB
1037  |Info:    ------------------------------------------------------
1037  |Info:    |               Start device detection               |
1037  |Info:    ------------------------------------------------------
1037  |Info:    Initializing HID interfaces: Success
1054  |Info:    ------------------------------------------------------
1054  |Info:    |             Detecting I2C interfaces               |
1054  |Info:    ------------------------------------------------------
1059  |Info:    Registering I2C interface: /dev/i2c-3 Device 1002:73DF Subsystem: 1458:2331
1219  |Info:    Registering I2C interface: /dev/i2c-10 Device 1022:790B Subsystem: 1849:FFFF
1220  |Info:    Registering I2C interface: /dev/i2c-1 Device 1002:73DF Subsystem: 1458:2331
1220  |Info:    Registering I2C interface: /dev/i2c-8 Device 1022:790B Subsystem: 1849:FFFF
1220  |Warning: [i2c_smbus_linux] Failed to read i2c device PCI device ID
1220  |Info:    Registering I2C interface: /dev/i2c-6 Device 0000:0000 Subsystem: 0000:0000
1220  |Info:    Registering I2C interface: /dev/i2c-4 Device 1002:73DF Subsystem: 1458:2331
1220  |Info:    Registering I2C interface: /dev/i2c-2 Device 1002:73DF Subsystem: 1458:2331
1220  |Info:    Registering I2C interface: /dev/i2c-0 Device 1002:73DF Subsystem: 1458:2331
1221  |Info:    Registering I2C interface: /dev/i2c-9 Device 1022:790B Subsystem: 1849:FFFF
1221  |Warning: [i2c_smbus_linux] Failed to read i2c device PCI device ID
1221  |Info:    Registering I2C interface: /dev/i2c-7 Device 0000:0000 Subsystem: 0000:0000
1221  |Info:    Registering I2C interface: /dev/i2c-5 Device 1002:73DF Subsystem: 1458:2331
1221  |Info:    ------------------------------------------------------
1221  |Info:    |               Detecting I2C devices                |
1221  |Info:    ------------------------------------------------------
1397  |Info:    [ASRock X470 Taichi] Registering RGB controller
2587  |Info:    [Corsair Vengeance Pro RGB] Registering RGB controller
2599  |Info:    [Corsair Vengeance Pro RGB] Registering RGB controller
3174  |Info:    ------------------------------------------------------
3174  |Info:    |               Detecting I2C PCI devices            |
3174  |Info:    ------------------------------------------------------
3175  |Info:    ------------------------------------------------------
3175  |Info:    |               Detecting HID devices                |
3175  |Info:    ------------------------------------------------------
3231  |Info:    [AMD Wraith Prism] Registering RGB controller
3238  |Info:    [Corsair Commander Pro] Registering RGB controller
3238  |Info:    [Logitech G512 RGB] Registering RGB controller
3238  |Info:    ------------------------------------------------------
3238  |Info:    |            Detecting libusb HID devices            |
3238  |Info:    ------------------------------------------------------
3264  |Info:    ------------------------------------------------------
3264  |Info:    |              Detecting other devices               |
3264  |Info:    ------------------------------------------------------
3340  |Info:    ------------------------------------------------------
3340  |Info:    |                Detection completed                 |
3340  |Info:    ------------------------------------------------------
