    OpenRGB v0.9
    Commit: b5f46e3f1de03595656c682fc2f068b66e735e63 from 2023-07-09 22:51:47 -0500
    Launched: 20240718_211217
====================================================================================================

1     |Info:    Found file: MyRGB.orp attempting to validate header
3     |Info:    Valid v4 profile found for MyRGB
1058  |Info:    ------------------------------------------------------
1058  |Info:    |               Start device detection               |
1058  |Info:    ------------------------------------------------------
1058  |Info:    Initializing HID interfaces: Success
1124  |Info:    ------------------------------------------------------
1124  |Info:    |             Detecting I2C interfaces               |
1124  |Info:    ------------------------------------------------------
1124  |Info:    Registering I2C interface: /dev/i2c-3 Device 1002:73DF Subsystem: 1458:2331
1124  |Info:    Registering I2C interface: /dev/i2c-10 Device 1022:790B Subsystem: 1849:FFFF
1124  |Info:    Registering I2C interface: /dev/i2c-1 Device 1002:73DF Subsystem: 1458:2331
1136  |Info:    Registering I2C interface: /dev/i2c-8 Device 1022:790B Subsystem: 1849:FFFF
1136  |Warning: [i2c_smbus_linux] Failed to read i2c device PCI device ID
1136  |Info:    Registering I2C interface: /dev/i2c-6 Device 0000:0000 Subsystem: 0000:0000
1137  |Info:    Registering I2C interface: /dev/i2c-4 Device 1002:73DF Subsystem: 1458:2331
1137  |Info:    Registering I2C interface: /dev/i2c-2 Device 1002:73DF Subsystem: 1458:2331
1137  |Info:    Registering I2C interface: /dev/i2c-0 Device 1002:73DF Subsystem: 1458:2331
1137  |Info:    Registering I2C interface: /dev/i2c-9 Device 1022:790B Subsystem: 1849:FFFF
1137  |Warning: [i2c_smbus_linux] Failed to read i2c device PCI device ID
1137  |Info:    Registering I2C interface: /dev/i2c-7 Device 0000:0000 Subsystem: 0000:0000
1138  |Info:    Registering I2C interface: /dev/i2c-5 Device 1002:73DF Subsystem: 1458:2331
1138  |Info:    ------------------------------------------------------
1138  |Info:    |               Detecting I2C devices                |
1138  |Info:    ------------------------------------------------------
1170  |Info:    [ASRock X470 Taichi] Registering RGB controller
2259  |Info:    [Corsair Vengeance Pro RGB] Registering RGB controller
2272  |Info:    [Corsair Vengeance Pro RGB] Registering RGB controller
2942  |Info:    ------------------------------------------------------
2942  |Info:    |               Detecting I2C PCI devices            |
2942  |Info:    ------------------------------------------------------
2944  |Info:    ------------------------------------------------------
2944  |Info:    |               Detecting HID devices                |
2944  |Info:    ------------------------------------------------------
3002  |Info:    [AMD Wraith Prism] Registering RGB controller
3013  |Info:    [Corsair Commander Pro] Registering RGB controller
3020  |Info:    [Logitech G512 RGB] Registering RGB controller
3020  |Info:    ------------------------------------------------------
3020  |Info:    |            Detecting libusb HID devices            |
3020  |Info:    ------------------------------------------------------
3023  |Info:    ------------------------------------------------------
3023  |Info:    |              Detecting other devices               |
3023  |Info:    ------------------------------------------------------
3040  |Info:    ------------------------------------------------------
3040  |Info:    |                Detection completed                 |
3040  |Info:    ------------------------------------------------------
