    OpenRGB v0.9
    Commit: b5f46e3f1de03595656c682fc2f068b66e735e63 from 2023-07-09 22:51:47 -0500
    Launched: 20240716_204710
====================================================================================================

2     |Info:    Found file: MyRGB.orp attempting to validate header
3     |Info:    Valid v4 profile found for MyRGB
1038  |Info:    ------------------------------------------------------
1066  |Info:    |               Start device detection               |
1066  |Info:    ------------------------------------------------------
1066  |Info:    Initializing HID interfaces: Success
1191  |Info:    ------------------------------------------------------
1191  |Info:    |             Detecting I2C interfaces               |
1191  |Info:    ------------------------------------------------------
1191  |Info:    Registering I2C interface: /dev/i2c-3 Device 1002:73DF Subsystem: 1458:2331
1192  |Info:    Registering I2C interface: /dev/i2c-10 Device 1022:790B Subsystem: 1849:FFFF
1192  |Info:    Registering I2C interface: /dev/i2c-1 Device 1002:73DF Subsystem: 1458:2331
1192  |Info:    Registering I2C interface: /dev/i2c-8 Device 1022:790B Subsystem: 1849:FFFF
1192  |Warning: [i2c_smbus_linux] Failed to read i2c device PCI device ID
1192  |Info:    Registering I2C interface: /dev/i2c-6 Device 0000:0000 Subsystem: 0000:0000
1192  |Info:    Registering I2C interface: /dev/i2c-4 Device 1002:73DF Subsystem: 1458:2331
1192  |Info:    Registering I2C interface: /dev/i2c-2 Device 1002:73DF Subsystem: 1458:2331
1192  |Info:    Registering I2C interface: /dev/i2c-0 Device 1002:73DF Subsystem: 1458:2331
1192  |Info:    Registering I2C interface: /dev/i2c-9 Device 1022:790B Subsystem: 1849:FFFF
1193  |Warning: [i2c_smbus_linux] Failed to read i2c device PCI device ID
1193  |Info:    Registering I2C interface: /dev/i2c-7 Device 0000:0000 Subsystem: 0000:0000
1193  |Info:    Registering I2C interface: /dev/i2c-5 Device 1002:73DF Subsystem: 1458:2331
1193  |Info:    ------------------------------------------------------
1193  |Info:    |               Detecting I2C devices                |
1193  |Info:    ------------------------------------------------------
1266  |Info:    [ASRock X470 Taichi] Registering RGB controller
2167  |Info:    [Corsair Vengeance Pro RGB] Registering RGB controller
2182  |Info:    [Corsair Vengeance Pro RGB] Registering RGB controller
2869  |Info:    ------------------------------------------------------
2869  |Info:    |               Detecting I2C PCI devices            |
2869  |Info:    ------------------------------------------------------
2870  |Info:    ------------------------------------------------------
2870  |Info:    |               Detecting HID devices                |
2870  |Info:    ------------------------------------------------------
2929  |Info:    [AMD Wraith Prism] Registering RGB controller
2933  |Info:    [Corsair Commander Pro] Registering RGB controller
2938  |Info:    [Logitech G512 RGB] Registering RGB controller
2939  |Info:    ------------------------------------------------------
2939  |Info:    |            Detecting libusb HID devices            |
2939  |Info:    ------------------------------------------------------
2939  |Info:    ------------------------------------------------------
2939  |Info:    |              Detecting other devices               |
2939  |Info:    ------------------------------------------------------
2972  |Info:    ------------------------------------------------------
2972  |Info:    |                Detection completed                 |
2972  |Info:    ------------------------------------------------------
