    OpenRGB v0.9
    Commit: b5f46e3f1de03595656c682fc2f068b66e735e63 from 2023-07-09 22:51:47 -0500
    Launched: 20240717_192402
====================================================================================================

0     |Info:    Found file: MyRGB.orp attempting to validate header
2     |Info:    Valid v4 profile found for MyRGB
1100  |Info:    ------------------------------------------------------
1100  |Info:    |               Start device detection               |
1100  |Info:    ------------------------------------------------------
1100  |Info:    Initializing HID interfaces: Success
1126  |Info:    ------------------------------------------------------
1126  |Info:    |             Detecting I2C interfaces               |
1126  |Info:    ------------------------------------------------------
1126  |Info:    Registering I2C interface: /dev/i2c-3 Device 1002:73DF Subsystem: 1458:2331
1126  |Info:    Registering I2C interface: /dev/i2c-10 Device 1022:790B Subsystem: 1849:FFFF
1126  |Info:    Registering I2C interface: /dev/i2c-1 Device 1002:73DF Subsystem: 1458:2331
1127  |Info:    Registering I2C interface: /dev/i2c-8 Device 1022:790B Subsystem: 1849:FFFF
1127  |Warning: [i2c_smbus_linux] Failed to read i2c device PCI device ID
1127  |Info:    Registering I2C interface: /dev/i2c-6 Device 0000:0000 Subsystem: 0000:0000
1127  |Info:    Registering I2C interface: /dev/i2c-4 Device 1002:73DF Subsystem: 1458:2331
1127  |Info:    Registering I2C interface: /dev/i2c-2 Device 1002:73DF Subsystem: 1458:2331
1127  |Info:    Registering I2C interface: /dev/i2c-0 Device 1002:73DF Subsystem: 1458:2331
1127  |Info:    Registering I2C interface: /dev/i2c-9 Device 1022:790B Subsystem: 1849:FFFF
1127  |Warning: [i2c_smbus_linux] Failed to read i2c device PCI device ID
1127  |Info:    Registering I2C interface: /dev/i2c-7 Device 0000:0000 Subsystem: 0000:0000
1128  |Info:    Registering I2C interface: /dev/i2c-5 Device 1002:73DF Subsystem: 1458:2331
1128  |Info:    ------------------------------------------------------
1128  |Info:    |               Detecting I2C devices                |
1128  |Info:    ------------------------------------------------------
1175  |Info:    [ASRock X470 Taichi] Registering RGB controller
2127  |Info:    [Corsair Vengeance Pro RGB] Registering RGB controller
2141  |Info:    [Corsair Vengeance Pro RGB] Registering RGB controller
2604  |Info:    ------------------------------------------------------
2604  |Info:    |               Detecting I2C PCI devices            |
2604  |Info:    ------------------------------------------------------
2605  |Info:    ------------------------------------------------------
2605  |Info:    |               Detecting HID devices                |
2605  |Info:    ------------------------------------------------------
2661  |Info:    [AMD Wraith Prism] Registering RGB controller
2669  |Info:    [Corsair Commander Pro] Registering RGB controller
2672  |Info:    [Logitech G512 RGB] Registering RGB controller
2672  |Info:    ------------------------------------------------------
2672  |Info:    |            Detecting libusb HID devices            |
2672  |Info:    ------------------------------------------------------
2697  |Info:    ------------------------------------------------------
2697  |Info:    |              Detecting other devices               |
2697  |Info:    ------------------------------------------------------
2723  |Info:    ------------------------------------------------------
2723  |Info:    |                Detection completed                 |
2723  |Info:    ------------------------------------------------------
