    OpenRGB v0.9
    Commit: b5f46e3f1de03595656c682fc2f068b66e735e63 from 2023-07-09 22:51:47 -0500
    Launched: 20240717_171804
====================================================================================================

0     |Info:    Found file: MyRGB.orp attempting to validate header
0     |Info:    Valid v4 profile found for MyRGB
1022  |Info:    ------------------------------------------------------
1022  |Info:    |               Start device detection               |
1022  |Info:    ------------------------------------------------------
1024  |Info:    Initializing HID interfaces: Success
1124  |Info:    ------------------------------------------------------
1124  |Info:    |             Detecting I2C interfaces               |
1124  |Info:    ------------------------------------------------------
1126  |Info:    Registering I2C interface: /dev/i2c-3 Device 1002:73DF Subsystem: 1458:2331
1126  |Info:    Registering I2C interface: /dev/i2c-10 Device 1022:790B Subsystem: 1849:FFFF
1126  |Info:    Registering I2C interface: /dev/i2c-1 Device 1002:73DF Subsystem: 1458:2331
1126  |Info:    Registering I2C interface: /dev/i2c-8 Device 1022:790B Subsystem: 1849:FFFF
1127  |Warning: [i2c_smbus_linux] Failed to read i2c device PCI device ID
1133  |Info:    Registering I2C interface: /dev/i2c-6 Device 0000:0000 Subsystem: 0000:0000
1133  |Info:    Registering I2C interface: /dev/i2c-4 Device 1002:73DF Subsystem: 1458:2331
1133  |Info:    Registering I2C interface: /dev/i2c-2 Device 1002:73DF Subsystem: 1458:2331
1133  |Info:    Registering I2C interface: /dev/i2c-0 Device 1002:73DF Subsystem: 1458:2331
1133  |Info:    Registering I2C interface: /dev/i2c-9 Device 1022:790B Subsystem: 1849:FFFF
1134  |Warning: [i2c_smbus_linux] Failed to read i2c device PCI device ID
1136  |Info:    Registering I2C interface: /dev/i2c-7 Device 0000:0000 Subsystem: 0000:0000
1136  |Info:    Registering I2C interface: /dev/i2c-5 Device 1002:73DF Subsystem: 1458:2331
1136  |Info:    ------------------------------------------------------
1136  |Info:    |               Detecting I2C devices                |
1136  |Info:    ------------------------------------------------------
1215  |Info:    [ASRock X470 Taichi] Registering RGB controller
2386  |Info:    [Corsair Vengeance Pro RGB] Registering RGB controller
2418  |Info:    [Corsair Vengeance Pro RGB] Registering RGB controller
2842  |Info:    ------------------------------------------------------
2842  |Info:    |               Detecting I2C PCI devices            |
2842  |Info:    ------------------------------------------------------
2844  |Info:    ------------------------------------------------------
2844  |Info:    |               Detecting HID devices                |
2844  |Info:    ------------------------------------------------------
2899  |Info:    [AMD Wraith Prism] Registering RGB controller
2909  |Info:    [Corsair Commander Pro] Registering RGB controller
2910  |Info:    [Logitech G512 RGB] Registering RGB controller
2910  |Info:    ------------------------------------------------------
2910  |Info:    |            Detecting libusb HID devices            |
2910  |Info:    ------------------------------------------------------
2912  |Info:    ------------------------------------------------------
2912  |Info:    |              Detecting other devices               |
2912  |Info:    ------------------------------------------------------
2932  |Info:    ------------------------------------------------------
2932  |Info:    |                Detection completed                 |
2932  |Info:    ------------------------------------------------------
