    OpenRGB v0.9
    Commit: b5f46e3f1de03595656c682fc2f068b66e735e63 from 2023-07-09 22:51:47 -0500
    Launched: 20240718_164544
====================================================================================================

0     |Info:    Found file: MyRGB.orp attempting to validate header
0     |Info:    Valid v4 profile found for MyRGB
1079  |Info:    ------------------------------------------------------
1079  |Info:    |               Start device detection               |
1079  |Info:    ------------------------------------------------------
1079  |Info:    Initializing HID interfaces: Success
1115  |Info:    ------------------------------------------------------
1115  |Info:    |             Detecting I2C interfaces               |
1115  |Info:    ------------------------------------------------------
1132  |Info:    Registering I2C interface: /dev/i2c-3 Device 1002:73DF Subsystem: 1458:2331
1132  |Info:    Registering I2C interface: /dev/i2c-10 Device 1022:790B Subsystem: 1849:FFFF
1132  |Info:    Registering I2C interface: /dev/i2c-1 Device 1002:73DF Subsystem: 1458:2331
1132  |Info:    Registering I2C interface: /dev/i2c-8 Device 1022:790B Subsystem: 1849:FFFF
1133  |Warning: [i2c_smbus_linux] Failed to read i2c device PCI device ID
1133  |Info:    Registering I2C interface: /dev/i2c-6 Device 0000:0000 Subsystem: 0000:0000
1133  |Info:    Registering I2C interface: /dev/i2c-4 Device 1002:73DF Subsystem: 1458:2331
1133  |Info:    Registering I2C interface: /dev/i2c-2 Device 1002:73DF Subsystem: 1458:2331
1133  |Info:    Registering I2C interface: /dev/i2c-0 Device 1002:73DF Subsystem: 1458:2331
1135  |Info:    Registering I2C interface: /dev/i2c-9 Device 1022:790B Subsystem: 1849:FFFF
1135  |Warning: [i2c_smbus_linux] Failed to read i2c device PCI device ID
1135  |Info:    Registering I2C interface: /dev/i2c-7 Device 0000:0000 Subsystem: 0000:0000
1135  |Info:    Registering I2C interface: /dev/i2c-5 Device 1002:73DF Subsystem: 1458:2331
1135  |Info:    ------------------------------------------------------
1135  |Info:    |               Detecting I2C devices                |
1135  |Info:    ------------------------------------------------------
1291  |Info:    [ASRock X470 Taichi] Registering RGB controller
2283  |Info:    [Corsair Vengeance Pro RGB] Registering RGB controller
2336  |Info:    [Corsair Vengeance Pro RGB] Registering RGB controller
3006  |Info:    ------------------------------------------------------
3006  |Info:    |               Detecting I2C PCI devices            |
3006  |Info:    ------------------------------------------------------
3007  |Info:    ------------------------------------------------------
3007  |Info:    |               Detecting HID devices                |
3007  |Info:    ------------------------------------------------------
3060  |Info:    [AMD Wraith Prism] Registering RGB controller
3062  |Info:    [Corsair Commander Pro] Registering RGB controller
3063  |Info:    [Logitech G512 RGB] Registering RGB controller
3063  |Info:    ------------------------------------------------------
3063  |Info:    |            Detecting libusb HID devices            |
3063  |Info:    ------------------------------------------------------
3063  |Info:    ------------------------------------------------------
3063  |Info:    |              Detecting other devices               |
3063  |Info:    ------------------------------------------------------
3135  |Info:    ------------------------------------------------------
3135  |Info:    |                Detection completed                 |
3135  |Info:    ------------------------------------------------------
