    OpenRGB v0.9
    Commit: b5f46e3f1de03595656c682fc2f068b66e735e63 from 2023-07-09 22:51:47 -0500
    Launched: 20240714_202959
====================================================================================================

0     |Info:    Found file: MyRGB.orp attempting to validate header
0     |Info:    Valid v3 profile found for MyRGB
1004  |Info:    ------------------------------------------------------
1004  |Info:    |               Start device detection               |
1004  |Info:    ------------------------------------------------------
1004  |Info:    Initializing HID interfaces: Success
1012  |Info:    ------------------------------------------------------
1012  |Info:    |             Detecting I2C interfaces               |
1012  |Info:    ------------------------------------------------------
1012  |Info:    Registering I2C interface: /dev/i2c-3 Device 1002:73DF Subsystem: 1458:2331
1012  |Info:    Registering I2C interface: /dev/i2c-10 Device 1022:790B Subsystem: 1849:FFFF
1013  |Info:    Registering I2C interface: /dev/i2c-1 Device 1002:73DF Subsystem: 1458:2331
1013  |Info:    Registering I2C interface: /dev/i2c-8 Device 1022:790B Subsystem: 1849:FFFF
1013  |Warning: [i2c_smbus_linux] Failed to read i2c device PCI device ID
1013  |Info:    Registering I2C interface: /dev/i2c-6 Device 0000:0000 Subsystem: 0000:0000
1013  |Info:    Registering I2C interface: /dev/i2c-4 Device 1002:73DF Subsystem: 1458:2331
1013  |Info:    Registering I2C interface: /dev/i2c-2 Device 1002:73DF Subsystem: 1458:2331
1013  |Info:    Registering I2C interface: /dev/i2c-0 Device 1002:73DF Subsystem: 1458:2331
1013  |Info:    Registering I2C interface: /dev/i2c-9 Device 1022:790B Subsystem: 1849:FFFF
1013  |Warning: [i2c_smbus_linux] Failed to read i2c device PCI device ID
1014  |Info:    Registering I2C interface: /dev/i2c-7 Device 0000:0000 Subsystem: 0000:0000
1014  |Info:    Registering I2C interface: /dev/i2c-5 Device 1002:73DF Subsystem: 1458:2331
1014  |Info:    ------------------------------------------------------
1014  |Info:    |               Detecting I2C devices                |
1014  |Info:    ------------------------------------------------------
1063  |Info:    [ASRock X470 Taichi] Registering RGB controller
1719  |Info:    [Corsair Vengeance Pro RGB] Registering RGB controller
1731  |Info:    [Corsair Vengeance Pro RGB] Registering RGB controller
2091  |Info:    ------------------------------------------------------
2091  |Info:    |               Detecting I2C PCI devices            |
2091  |Info:    ------------------------------------------------------
2092  |Info:    ------------------------------------------------------
2092  |Info:    |               Detecting HID devices                |
2092  |Info:    ------------------------------------------------------
2146  |Info:    [AMD Wraith Prism] Registering RGB controller
2155  |Info:    [Corsair Commander Pro] Registering RGB controller
2156  |Info:    [Logitech G512 RGB] Registering RGB controller
2156  |Info:    ------------------------------------------------------
2156  |Info:    |            Detecting libusb HID devices            |
2156  |Info:    ------------------------------------------------------
2156  |Info:    ------------------------------------------------------
2156  |Info:    |              Detecting other devices               |
2156  |Info:    ------------------------------------------------------
2164  |Info:    ------------------------------------------------------
2164  |Info:    |                Detection completed                 |
2164  |Info:    ------------------------------------------------------
