    OpenRGB v0.9
    Commit: b5f46e3f1de03595656c682fc2f068b66e735e63 from 2023-07-09 22:51:47 -0500
    Launched: 20240718_122045
====================================================================================================

3     |Info:    Found file: MyRGB.orp attempting to validate header
7     |Info:    Valid v4 profile found for MyRGB
1058  |Info:    ------------------------------------------------------
1058  |Info:    |               Start device detection               |
1058  |Info:    ------------------------------------------------------
1058  |Info:    Initializing HID interfaces: Success
1069  |Info:    ------------------------------------------------------
1069  |Info:    |             Detecting I2C interfaces               |
1069  |Info:    ------------------------------------------------------
1069  |Info:    Registering I2C interface: /dev/i2c-3 Device 1002:73DF Subsystem: 1458:2331
1069  |Info:    Registering I2C interface: /dev/i2c-10 Device 1022:790B Subsystem: 1849:FFFF
1069  |Info:    Registering I2C interface: /dev/i2c-1 Device 1002:73DF Subsystem: 1458:2331
1069  |Info:    Registering I2C interface: /dev/i2c-8 Device 1022:790B Subsystem: 1849:FFFF
1070  |Warning: [i2c_smbus_linux] Failed to read i2c device PCI device ID
1070  |Info:    Registering I2C interface: /dev/i2c-6 Device 0000:0000 Subsystem: 0000:0000
1070  |Info:    Registering I2C interface: /dev/i2c-4 Device 1002:73DF Subsystem: 1458:2331
1070  |Info:    Registering I2C interface: /dev/i2c-2 Device 1002:73DF Subsystem: 1458:2331
1070  |Info:    Registering I2C interface: /dev/i2c-0 Device 1002:73DF Subsystem: 1458:2331
1070  |Info:    Registering I2C interface: /dev/i2c-9 Device 1022:790B Subsystem: 1849:FFFF
1070  |Warning: [i2c_smbus_linux] Failed to read i2c device PCI device ID
1070  |Info:    Registering I2C interface: /dev/i2c-7 Device 0000:0000 Subsystem: 0000:0000
1070  |Info:    Registering I2C interface: /dev/i2c-5 Device 1002:73DF Subsystem: 1458:2331
1070  |Info:    ------------------------------------------------------
1071  |Info:    |               Detecting I2C devices                |
1071  |Info:    ------------------------------------------------------
1110  |Info:    [ASRock X470 Taichi] Registering RGB controller
2189  |Info:    [Corsair Vengeance Pro RGB] Registering RGB controller
2202  |Info:    [Corsair Vengeance Pro RGB] Registering RGB controller
3115  |Info:    ------------------------------------------------------
3115  |Info:    |               Detecting I2C PCI devices            |
3115  |Info:    ------------------------------------------------------
3116  |Info:    ------------------------------------------------------
3116  |Info:    |               Detecting HID devices                |
3116  |Info:    ------------------------------------------------------
3175  |Info:    [AMD Wraith Prism] Registering RGB controller
3185  |Info:    [Corsair Commander Pro] Registering RGB controller
3198  |Info:    [Logitech G512 RGB] Registering RGB controller
3198  |Info:    ------------------------------------------------------
3198  |Info:    |            Detecting libusb HID devices            |
3198  |Info:    ------------------------------------------------------
3198  |Info:    ------------------------------------------------------
3198  |Info:    |              Detecting other devices               |
3198  |Info:    ------------------------------------------------------
3215  |Info:    ------------------------------------------------------
3215  |Info:    |                Detection completed                 |
3215  |Info:    ------------------------------------------------------
