[2024-07-15 20:57:53.909] [info] Logseq App(0.10.9) Starting... 
[2024-07-15 20:57:53.913] [info] restore proxy settings {:type "system"}
[2024-07-15 20:57:53.913] [info] set proxy to {:type "system"}
[2024-07-15 20:57:55.412] [debug] :electron.handler/watch-dir {:path "/home/zany130/.logseq/config"}
[2024-07-15 21:21:53.112] [debug] window-all-closed Quitting...
[2024-07-18 20:08:04.696] [info] Logseq App(0.10.9) Starting... 
[2024-07-18 20:08:04.702] [info] restore proxy settings {:type "system"}
[2024-07-18 20:08:04.702] [info] set proxy to {:type "system"}
[2024-07-18 20:08:06.319] [debug] :electron.handler/watch-dir {:path "/home/zany130/.logseq/config"}
[2024-07-18 20:31:51.873] [debug] window-all-closed Quitting...
[2024-08-06 20:37:54.554] [info] Logseq App(0.10.9) Starting... 
[2024-08-06 20:37:54.556] [info] restore proxy settings {:type "system"}
[2024-08-06 20:37:54.557] [info] set proxy to {:type "system"}
[2024-08-06 20:37:56.212] [debug] :electron.handler/watch-dir {:path "/home/zany130/.logseq/config"}
[2024-08-06 20:38:00.343] [debug] window-all-closed Quitting...
[2024-08-28 17:00:53.073] [info] Logseq App(0.10.9) Starting... 
[2024-08-28 17:00:53.076] [info] restore proxy settings {:type "system"}
[2024-08-28 17:00:53.076] [info] set proxy to {:type "system"}
[2024-08-28 17:00:54.758] [debug] :electron.handler/watch-dir {:path "/home/zany130/.logseq/config"}
[2024-08-28 17:00:58.164] [debug] window-all-closed Quitting...
[2025-07-23 20:40:42.474] [info] Logseq App(0.10.12) Starting... 
[2025-07-23 20:40:42.477] [info] restore proxy settings {:type "system"}
[2025-07-23 20:40:42.478] [info] set proxy to {:type "system"}
[2025-07-23 20:40:43.764] [debug] :electron.handler/watch-dir {:path "/home/zany130/.logseq/config"}
[2025-07-23 20:40:52.762] [debug] window-all-closed Quitting...
