[Core] INFO: Trying to re-use existing login session...
[cli] INFO: Preparing download for "Fall Guys" (0a2d9f6403244d12969e11da6713137b)...
[Core] INFO: Parsing game manifest...
[Core] INFO: Install path: /var/mnt/DATA/Games/Heroic/FallGuys
[Core] INFO: Selected CDN: cloudflare.epicgamescdn.com (https)
[DLM] INFO: Found 0 missing files.
[cli] INFO: Install size: 7414.09 MiB
[cli] INFO: Download size: 346.08 MiB (Compression savings: 30.8%)
[cli] INFO: Reusable size: 1461.64 MiB (chunks) / 5524.63 MiB (unchanged / skipped)
[cli] INFO: Downloads are resumable, you can interrupt the download with CTRL-C and resume it using the same command later on.

This game may have compatibility issues or require additional setup, see: https://github.com/Heroic-Games-Launcher/HeroicGamesLauncher/wiki/Fall-Guys

[DLManager] INFO: Download Manager running with process-id: 256
[DLManager] INFO: Starting download workers...
[DLManager] INFO: Starting file writing worker...
[DLManager] INFO: = Progress: 0.00% (0/2155), Running for 00:00:00, ETA: 00:00:00
[DLManager] INFO:  - Downloaded: 0.00 MiB, Written: 0.00 MiB
[DLManager] INFO:  - Cache usage: 24.00 MiB, active tasks: 24
[DLManager] INFO:  + Download	- 0.00 MiB/s (raw) / 0.00 MiB/s (decompressed)
[DLManager] INFO:  + Disk	- 0.00 MiB/s (write) / 0.00 MiB/s (read)
[DLManager] INFO: = Progress: 6.17% (133/2155), Running for 00:00:01, ETA: 00:00:15
[DLManager] INFO:  - Downloaded: 66.09 MiB, Written: 108.72 MiB
[DLManager] INFO:  - Cache usage: 76.00 MiB, active tasks: 24
[DLManager] INFO:  + Download	- 66.01 MiB/s (raw) / 99.88 MiB/s (decompressed)
[DLManager] INFO:  + Disk	- 108.59 MiB/s (write) / 66.73 MiB/s (read)
[DLManager] INFO: = Progress: 13.46% (290/2155), Running for 00:00:02, ETA: 00:00:12
[DLManager] INFO:  - Downloaded: 153.51 MiB, Written: 245.41 MiB
[DLManager] INFO:  - Cache usage: 164.00 MiB, active tasks: 24
[DLManager] INFO:  + Download	- 87.40 MiB/s (raw) / 109.98 MiB/s (decompressed)
[DLManager] INFO:  + Disk	- 136.67 MiB/s (write) / 120.00 MiB/s (read)
[DLManager] INFO: = Progress: 16.29% (351/2155), Running for 00:00:03, ETA: 00:00:15
[DLManager] INFO:  - Downloaded: 238.92 MiB, Written: 296.30 MiB
[DLManager] INFO:  - Cache usage: 257.00 MiB, active tasks: 24
[DLManager] INFO:  + Download	- 85.40 MiB/s (raw) / 105.98 MiB/s (decompressed)
[DLManager] INFO:  + Disk	- 50.88 MiB/s (write) / 38.99 MiB/s (read)
[DLManager] INFO: = Progress: 20.23% (436/2155), Running for 00:00:04, ETA: 00:00:15
[DLManager] INFO:  - Downloaded: 319.28 MiB, Written: 374.67 MiB
[DLManager] INFO:  - Cache usage: 359.00 MiB, active tasks: 24
[DLManager] INFO:  + Download	- 80.31 MiB/s (raw) / 111.95 MiB/s (decompressed)
[DLManager] INFO:  + Disk	- 78.34 MiB/s (write) / 69.97 MiB/s (read)
[DLManager] INFO: = Progress: 23.57% (508/2155), Running for 00:00:05, ETA: 00:00:16
[DLManager] INFO:  - Downloaded: 346.08 MiB, Written: 436.45 MiB
[DLManager] INFO:  - Cache usage: 390.00 MiB, active tasks: 0
[DLManager] INFO:  + Download	- 26.75 MiB/s (raw) / 71.86 MiB/s (decompressed)
[DLManager] INFO:  + Disk	- 61.66 MiB/s (write) / 46.82 MiB/s (read)
[DLManager] INFO: = Progress: 27.98% (603/2155), Running for 00:00:06, ETA: 00:00:15
[DLManager] INFO:  - Downloaded: 346.08 MiB, Written: 528.91 MiB
[DLManager] INFO:  - Cache usage: 386.00 MiB, active tasks: 0
[DLManager] INFO:  + Download	- 0.00 MiB/s (raw) / 0.00 MiB/s (decompressed)
[DLManager] INFO:  + Disk	- 92.44 MiB/s (write) / 89.14 MiB/s (read)
[DLManager] INFO: = Progress: 32.34% (697/2155), Running for 00:00:07, ETA: 00:00:14
[DLManager] INFO:  - Downloaded: 346.08 MiB, Written: 607.50 MiB
[DLManager] INFO:  - Cache usage: 364.00 MiB, active tasks: 0
[DLManager] INFO:  + Download	- 0.00 MiB/s (raw) / 0.00 MiB/s (decompressed)
[DLManager] INFO:  + Disk	- 78.56 MiB/s (write) / 61.64 MiB/s (read)
[DLManager] INFO: = Progress: 34.85% (751/2155), Running for 00:00:08, ETA: 00:00:14
[DLManager] INFO:  - Downloaded: 346.08 MiB, Written: 657.53 MiB
[DLManager] INFO:  - Cache usage: 360.00 MiB, active tasks: 0
[DLManager] INFO:  + Download	- 0.00 MiB/s (raw) / 0.00 MiB/s (decompressed)
[DLManager] INFO:  + Disk	- 50.02 MiB/s (write) / 46.03 MiB/s (read)
[DLManager] INFO: = Progress: 39.07% (842/2155), Running for 00:00:09, ETA: 00:00:14
[DLManager] INFO:  - Downloaded: 346.08 MiB, Written: 742.83 MiB
[DLManager] INFO:  - Cache usage: 354.00 MiB, active tasks: 0
[DLManager] INFO:  + Download	- 0.00 MiB/s (raw) / 0.00 MiB/s (decompressed)
[DLManager] INFO:  + Disk	- 85.26 MiB/s (write) / 79.20 MiB/s (read)
[DLManager] INFO: = Progress: 42.23% (910/2155), Running for 00:00:10, ETA: 00:00:13
[DLManager] INFO:  - Downloaded: 346.08 MiB, Written: 801.21 MiB
[DLManager] INFO:  - Cache usage: 341.00 MiB, active tasks: 0
[DLManager] INFO:  + Download	- 0.00 MiB/s (raw) / 0.00 MiB/s (decompressed)
[DLManager] INFO:  + Disk	- 58.37 MiB/s (write) / 49.99 MiB/s (read)
[DLManager] INFO: = Progress: 42.51% (916/2155), Running for 00:00:11, ETA: 00:00:14
[DLManager] INFO:  - Downloaded: 346.08 MiB, Written: 807.21 MiB
[DLManager] INFO:  - Cache usage: 341.00 MiB, active tasks: 0
[DLManager] INFO:  + Download	- 0.00 MiB/s (raw) / 0.00 MiB/s (decompressed)
[DLManager] INFO:  + Disk	- 6.00 MiB/s (write) / 6.00 MiB/s (read)
[DLManager] INFO: = Progress: 47.56% (1025/2155), Running for 00:00:12, ETA: 00:00:13
[DLManager] INFO:  - Downloaded: 346.08 MiB, Written: 898.90 MiB
[DLManager] INFO:  - Cache usage: 303.00 MiB, active tasks: 0
[DLManager] INFO:  + Download	- 0.00 MiB/s (raw) / 0.00 MiB/s (decompressed)
[DLManager] INFO:  + Disk	- 91.67 MiB/s (write) / 57.16 MiB/s (read)
[DLManager] INFO: = Progress: 52.16% (1124/2155), Running for 00:00:13, ETA: 00:00:11
[DLManager] INFO:  - Downloaded: 346.08 MiB, Written: 985.71 MiB
[DLManager] INFO:  - Cache usage: 283.00 MiB, active tasks: 0
[DLManager] INFO:  + Download	- 0.00 MiB/s (raw) / 0.00 MiB/s (decompressed)
[DLManager] INFO:  + Disk	- 86.77 MiB/s (write) / 69.75 MiB/s (read)
[DLManager] INFO: = Progress: 58.33% (1257/2155), Running for 00:00:14, ETA: 00:00:10
[DLManager] INFO:  - Downloaded: 346.08 MiB, Written: 1103.23 MiB
[DLManager] INFO:  - Cache usage: 257.00 MiB, active tasks: 0
[DLManager] INFO:  + Download	- 0.00 MiB/s (raw) / 0.00 MiB/s (decompressed)
[DLManager] INFO:  + Disk	- 117.49 MiB/s (write) / 94.46 MiB/s (read)
[DLManager] INFO: = Progress: 61.76% (1331/2155), Running for 00:00:15, ETA: 00:00:09
[DLManager] INFO:  - Downloaded: 346.08 MiB, Written: 1168.23 MiB
[DLManager] INFO:  - Cache usage: 243.00 MiB, active tasks: 0
[DLManager] INFO:  + Download	- 0.00 MiB/s (raw) / 0.00 MiB/s (decompressed)
[DLManager] INFO:  + Disk	- 64.99 MiB/s (write) / 54.99 MiB/s (read)
[DLManager] INFO: = Progress: 63.11% (1360/2155), Running for 00:00:16, ETA: 00:00:09
[DLManager] INFO:  - Downloaded: 346.08 MiB, Written: 1191.85 MiB
[DLManager] INFO:  - Cache usage: 238.00 MiB, active tasks: 0
[DLManager] INFO:  + Download	- 0.00 MiB/s (raw) / 0.00 MiB/s (decompressed)
[DLManager] INFO:  + Disk	- 23.59 MiB/s (write) / 21.60 MiB/s (read)
[DLManager] INFO: = Progress: 68.86% (1484/2155), Running for 00:00:17, ETA: 00:00:07
[DLManager] INFO:  - Downloaded: 346.08 MiB, Written: 1304.31 MiB
[DLManager] INFO:  - Cache usage: 216.00 MiB, active tasks: 0
[DLManager] INFO:  + Download	- 0.00 MiB/s (raw) / 0.00 MiB/s (decompressed)
[DLManager] INFO:  + Disk	- 112.44 MiB/s (write) / 94.54 MiB/s (read)
[DLManager] INFO: = Progress: 71.83% (1548/2155), Running for 00:00:18, ETA: 00:00:07
[DLManager] INFO:  - Downloaded: 346.08 MiB, Written: 1358.52 MiB
[DLManager] INFO:  - Cache usage: 202.00 MiB, active tasks: 0
[DLManager] INFO:  + Download	- 0.00 MiB/s (raw) / 0.00 MiB/s (decompressed)
[DLManager] INFO:  + Disk	- 54.20 MiB/s (write) / 43.73 MiB/s (read)
[DLManager] INFO: = Progress: 78.42% (1690/2155), Running for 00:00:19, ETA: 00:00:05
[DLManager] INFO:  - Downloaded: 346.08 MiB, Written: 1485.32 MiB
[DLManager] INFO:  - Cache usage: 171.00 MiB, active tasks: 0
[DLManager] INFO:  + Download	- 0.00 MiB/s (raw) / 0.00 MiB/s (decompressed)
[DLManager] INFO:  + Disk	- 126.78 MiB/s (write) / 98.72 MiB/s (read)
[DLManager] INFO: = Progress: 80.42% (1733/2155), Running for 00:00:20, ETA: 00:00:04
[DLManager] INFO:  - Downloaded: 346.08 MiB, Written: 1527.81 MiB
[DLManager] INFO:  - Cache usage: 170.00 MiB, active tasks: 0
[DLManager] INFO:  + Download	- 0.00 MiB/s (raw) / 0.00 MiB/s (decompressed)
[DLManager] INFO:  + Disk	- 42.48 MiB/s (write) / 41.48 MiB/s (read)
[DLManager] INFO: = Progress: 83.16% (1792/2155), Running for 00:00:21, ETA: 00:00:04
[DLManager] INFO:  - Downloaded: 346.08 MiB, Written: 1582.66 MiB
[DLManager] INFO:  - Cache usage: 164.00 MiB, active tasks: 0
[DLManager] INFO:  + Download	- 0.00 MiB/s (raw) / 0.00 MiB/s (decompressed)
[DLManager] INFO:  + Disk	- 54.84 MiB/s (write) / 48.99 MiB/s (read)
[DLManager] INFO: = Progress: 86.08% (1855/2155), Running for 00:00:22, ETA: 00:00:03
[DLManager] INFO:  - Downloaded: 346.08 MiB, Written: 1633.54 MiB
[DLManager] INFO:  - Cache usage: 153.00 MiB, active tasks: 0
[DLManager] INFO:  + Download	- 0.00 MiB/s (raw) / 0.00 MiB/s (decompressed)
[DLManager] INFO:  + Disk	- 50.87 MiB/s (write) / 40.99 MiB/s (read)
[DLManager] INFO: = Progress: 91.69% (1976/2155), Running for 00:00:23, ETA: 00:00:02
[DLManager] INFO:  - Downloaded: 346.08 MiB, Written: 1726.02 MiB
[DLManager] INFO:  - Cache usage: 110.00 MiB, active tasks: 0
[DLManager] INFO:  + Download	- 0.00 MiB/s (raw) / 0.00 MiB/s (decompressed)
[DLManager] INFO:  + Disk	- 92.46 MiB/s (write) / 60.75 MiB/s (read)
[DLManager] INFO: = Progress: 100.00% (2155/2155), Running for 00:00:24, ETA: 00:00:00
[DLManager] INFO:  - Downloaded: 346.08 MiB, Written: 1889.46 MiB
[DLManager] INFO:  - Cache usage: 0.00 MiB, active tasks: 0
[DLManager] INFO:  + Download	- 0.00 MiB/s (raw) / 0.00 MiB/s (decompressed)
[DLManager] INFO:  + Disk	- 163.40 MiB/s (write) / 59.45 MiB/s (read)
[DLManager] INFO: = Progress: 100.00% (2155/2155), Running for 00:00:25, ETA: 00:00:00
[DLManager] INFO:  - Downloaded: 346.08 MiB, Written: 1889.46 MiB
[DLManager] INFO:  - Cache usage: 0.00 MiB, active tasks: 0
[DLManager] INFO:  + Download	- 0.00 MiB/s (raw) / 0.00 MiB/s (decompressed)
[DLManager] INFO:  + Disk	- 0.00 MiB/s (write) / 0.00 MiB/s (read)
[DLManager] INFO: Waiting for installation to finish...
[DLManager] INFO: All done! Download manager quitting...
[cli] INFO: Automatic installation not available on Linux.
[cli] INFO: Finished installation process in 26.10 seconds.

This game lists the following prerequisites to be installed:
- : EasyAntiCheat/EasyAntiCheat_EOS_Setup.exe install d42d7101bb7a41c09a810ee418b7d3d0


This game may require additional setup, see: https://github.com/Heroic-Games-Launcher/HeroicGamesLauncher/wiki/Fall-Guys


EOS Overlay update available: 1.3.1++EOSSDK+Release-Overlay-CL-41331449-Windows (Current: 1.2.8++EOSSDK+Release-Overlay-CL-34031348-Windows).
Run "legendary eos-overlay update" to update to the latest version.
